#
# There is insufficient memory for the Java Runtime Environment to continue.
# Native memory allocation (malloc) failed to allocate 1579216 bytes for Chunk::new
# Possible reasons:
#   The system is out of physical RAM or swap space
#   The process is running with CompressedOops enabled, and the Java Heap may be blocking the growth of the native heap
# Possible solutions:
#   Reduce memory load on the system
#   Increase physical memory or swap space
#   Check if swap backing store is full
#   Decrease Java heap size (-Xmx/-Xms)
#   Decrease number of Java threads
#   Decrease Java thread stack sizes (-Xss)
#   Set larger code cache with -XX:ReservedCodeCacheSize=
#   JVM is running with Unscaled Compressed Oops mode in which the Java heap is
#     placed in the first 4GB address space. The Java Heap base address is the
#     maximum limit for the native heap growth. Please use -XX:HeapBaseMinAddress
#     to set the Java Heap base and to place the Java Heap above 4GB virtual address.
# This output file may be truncated or incomplete.
#
#  Out of Memory Error (arena.cpp:189), pid=5452, tid=3000
#
# JRE version: Java(TM) SE Runtime Environment (17.0.12+8) (build 17.0.12+8-LTS-286)
# Java VM: Java HotSpot(TM) 64-Bit Server VM (17.0.12+8-LTS-286, mixed mode, sharing, tiered, compressed oops, compressed class ptrs, g1 gc, windows-amd64)
# No core dump will be written. Minidumps are not enabled by default on client versions of Windows
#

---------------  S U M M A R Y ------------

Command Line: -ea -Didea.test.cyclic.buffer.size=1048576 -javaagent:C:\Program Files\JetBrains\IntelliJ IDEA 2024.2.3\lib\idea_rt.jar=50959:C:\Program Files\JetBrains\IntelliJ IDEA 2024.2.3\bin -Dfile.encoding=UTF-8 com.intellij.rt.junit.JUnitStarter -ideVersion5 -junit5 tn.esprit.spring.GestionStationSkiApplicationTests

Host: Intel(R) Core(TM) i5-8365U CPU @ 1.60GHz, 8 cores, 7G,  Windows 10 , 64 bit Build 19041 (10.0.19041.5438)
Time: Mon Feb 24 21:22:10 2025 Europe de l , 64 bit Build 19041 (10.0.19041.5438) elapsed time: 14.733322 seconds (0d 0h 0m 14s)

---------------  T H R E A D  ---------------

Current thread (0x00000136944b5580):  JavaThread "C2 CompilerThread1" daemon [_thread_in_native, id=3000, stack(0x00000018ecf00000,0x00000018ed000000)]


Current CompileTask:
C2:  14733 6521       4       org.springframework.core.annotation.AnnotationsScanner::scan (18 bytes)

Stack: [0x00000018ecf00000,0x00000018ed000000]
Native frames: (J=compiled Java code, j=interpreted, Vv=VM code, C=native code)
V  [jvm.dll+0x67a04a]
V  [jvm.dll+0x7da4ed]
V  [jvm.dll+0x7dbe33]
V  [jvm.dll+0x7dc4a3]
V  [jvm.dll+0x24508f]
V  [jvm.dll+0xab773]
V  [jvm.dll+0xabd3c]
V  [jvm.dll+0x361b9f]
V  [jvm.dll+0x32c431]
V  [jvm.dll+0x32b8ca]
V  [jvm.dll+0x21683f]
V  [jvm.dll+0x215c6f]
V  [jvm.dll+0x1a2960]
V  [jvm.dll+0x22610b]
V  [jvm.dll+0x2242ab]
V  [jvm.dll+0x79075c]
V  [jvm.dll+0x78abea]
V  [jvm.dll+0x678f35]
C  [ucrtbase.dll+0x21bb2]
C  [KERNEL32.DLL+0x17374]
C  [ntdll.dll+0x4cc91]


---------------  P R O C E S S  ---------------

Threads class SMR info:
_java_thread_list=0x00000136961954d0, length=16, elements={
0x000001362daeeae0, 0x000001364bb54e60, 0x000001364bb55fa0, 0x000001364bb68e10,
0x000001364bb6b300, 0x000001364bb6bf80, 0x000001364bb6d410, 0x000001364bb7d560,
0x000001364bb73580, 0x000001364bb73aa0, 0x00000136910ac280, 0x00000136911db7f0,
0x00000136911dc0d0, 0x00000136946b0800, 0x00000136944b5580, 0x00000136944b9a90
}

Java Threads: ( => current thread )
  0x000001362daeeae0 JavaThread "main" [_thread_blocked, id=21608, stack(0x00000018ebb00000,0x00000018ebc00000)]
  0x000001364bb54e60 JavaThread "Reference Handler" daemon [_thread_blocked, id=7160, stack(0x00000018ec200000,0x00000018ec300000)]
  0x000001364bb55fa0 JavaThread "Finalizer" daemon [_thread_blocked, id=19860, stack(0x00000018ec300000,0x00000018ec400000)]
  0x000001364bb68e10 JavaThread "Signal Dispatcher" daemon [_thread_blocked, id=12940, stack(0x00000018ec400000,0x00000018ec500000)]
  0x000001364bb6b300 JavaThread "Attach Listener" daemon [_thread_blocked, id=18516, stack(0x00000018ec500000,0x00000018ec600000)]
  0x000001364bb6bf80 JavaThread "Service Thread" daemon [_thread_blocked, id=19808, stack(0x00000018ec600000,0x00000018ec700000)]
  0x000001364bb6d410 JavaThread "Monitor Deflation Thread" daemon [_thread_blocked, id=21308, stack(0x00000018ec700000,0x00000018ec800000)]
  0x000001364bb7d560 JavaThread "C2 CompilerThread0" daemon [_thread_in_native, id=21924, stack(0x00000018ec800000,0x00000018ec900000)]
  0x000001364bb73580 JavaThread "C1 CompilerThread0" daemon [_thread_blocked, id=10020, stack(0x00000018ec900000,0x00000018eca00000)]
  0x000001364bb73aa0 JavaThread "Sweeper thread" daemon [_thread_blocked, id=12464, stack(0x00000018eca00000,0x00000018ecb00000)]
  0x00000136910ac280 JavaThread "Common-Cleaner" daemon [_thread_blocked, id=14144, stack(0x00000018ecb00000,0x00000018ecc00000)]
  0x00000136911db7f0 JavaThread "Monitor Ctrl-Break" daemon [_thread_in_native, id=13900, stack(0x00000018ecc00000,0x00000018ecd00000)]
  0x00000136911dc0d0 JavaThread "Notification Thread" daemon [_thread_blocked, id=20608, stack(0x00000018ecd00000,0x00000018ece00000)]
  0x00000136946b0800 JavaThread "mysql-cj-abandoned-connection-cleanup" daemon [_thread_blocked, id=16228, stack(0x00000018ed900000,0x00000018eda00000)]
=>0x00000136944b5580 JavaThread "C2 CompilerThread1" daemon [_thread_in_native, id=3000, stack(0x00000018ecf00000,0x00000018ed000000)]
  0x00000136944b9a90 JavaThread "C2 CompilerThread2" daemon [_thread_in_native, id=5520, stack(0x00000018edc00000,0x00000018edd00000)]

Other Threads:
  0x000001364bb4f590 VMThread "VM Thread" [stack: 0x00000018ec100000,0x00000018ec200000] [id=13552]
  0x000001362db62100 WatcherThread [stack: 0x00000018ece00000,0x00000018ecf00000] [id=20852]
  0x000001362db47950 GCTaskThread "GC Thread#0" [stack: 0x00000018ebc00000,0x00000018ebd00000] [id=16096]
  0x000001369119f570 GCTaskThread "GC Thread#1" [stack: 0x00000018ed000000,0x00000018ed100000] [id=17380]
  0x000001369119ea70 GCTaskThread "GC Thread#2" [stack: 0x00000018ed100000,0x00000018ed200000] [id=8972]
  0x000001369119ed30 GCTaskThread "GC Thread#3" [stack: 0x00000018ed200000,0x00000018ed300000] [id=11804]
  0x000001369119f2b0 GCTaskThread "GC Thread#4" [stack: 0x00000018ed300000,0x00000018ed400000] [id=21960]
  0x0000013691f83f80 GCTaskThread "GC Thread#5" [stack: 0x00000018ed400000,0x00000018ed500000] [id=22148]
  0x0000013691f85580 GCTaskThread "GC Thread#6" [stack: 0x00000018ed500000,0x00000018ed600000] [id=5136]
  0x0000013691f83740 GCTaskThread "GC Thread#7" [stack: 0x00000018ed600000,0x00000018ed700000] [id=2540]
  0x000001362db59a10 ConcurrentGCThread "G1 Main Marker" [stack: 0x00000018ebd00000,0x00000018ebe00000] [id=20484]
  0x000001362db5b2e0 ConcurrentGCThread "G1 Conc#0" [stack: 0x00000018ebe00000,0x00000018ebf00000] [id=20744]
  0x0000013691f82c40 ConcurrentGCThread "G1 Conc#1" [stack: 0x00000018ed700000,0x00000018ed800000] [id=18268]
  0x000001364ba060e0 ConcurrentGCThread "G1 Refine#0" [stack: 0x00000018ebf00000,0x00000018ec000000] [id=18988]
  0x000001364ba08640 ConcurrentGCThread "G1 Service" [stack: 0x00000018ec000000,0x00000018ec100000] [id=17432]

Threads with active compile tasks:
C2 CompilerThread0    14776 6489       4       java.beans.MethodRef::set (58 bytes)
C2 CompilerThread1    14776 6521       4       org.springframework.core.annotation.AnnotationsScanner::scan (18 bytes)
C2 CompilerThread2    14776 6703       4       org.springframework.core.ResolvableType::resolveType (151 bytes)

VM state: not at safepoint (normal execution)

VM Mutex/Monitor currently owned by a thread: None

Heap address: 0x0000000082e00000, size: 2002 MB, Compressed Oops mode: 32-bit

CDS archive(s) mapped at: [0x000001364c000000-0x000001364cbd0000-0x000001364cbd0000), size 12386304, SharedBaseAddress: 0x000001364c000000, ArchiveRelocationMode: 1.
Compressed class space mapped at: 0x000001364d000000-0x000001368d000000, reserved size: 1073741824
Narrow klass base: 0x000001364c000000, Narrow klass shift: 0, Narrow klass range: 0x100000000

GC Precious Log:
 CPUs: 8 total, 8 available
 Memory: 8006M
 Large Page Support: Disabled
 NUMA Support: Disabled
 Compressed Oops: Enabled (32-bit)
 Heap Region Size: 1M
 Heap Min Capacity: 8M
 Heap Initial Capacity: 126M
 Heap Max Capacity: 2002M
 Pre-touch: Disabled
 Parallel Workers: 8
 Concurrent Workers: 2
 Concurrent Refinement Workers: 8
 Periodic GC: Disabled

Heap:
 garbage-first heap   total 239616K, used 77066K [0x0000000082e00000, 0x0000000100000000)
  region size 1024K, 27 young (27648K), 1 survivors (1024K)
 Metaspace       used 59659K, committed 60160K, reserved 1114112K
  class space    used 8118K, committed 8384K, reserved 1048576K

Heap Regions: E=young(eden), S=young(survivor), O=old, HS=humongous(starts), HC=humongous(continues), CS=collection set, F=free, OA=open archive, CA=closed archive, TAMS=top-at-mark-start (previous, next)
|   0|0x0000000082e00000, 0x0000000082f00000, 0x0000000082f00000|100%|HS|  |TAMS 0x0000000082f00000, 0x0000000082e00000| Complete 
|   1|0x0000000082f00000, 0x0000000083000000, 0x0000000083000000|100%| O|  |TAMS 0x0000000083000000, 0x0000000082f00000| Untracked 
|   2|0x0000000083000000, 0x0000000083100000, 0x0000000083100000|100%| O|  |TAMS 0x0000000083100000, 0x0000000083000000| Untracked 
|   3|0x0000000083100000, 0x0000000083200000, 0x0000000083200000|100%| O|  |TAMS 0x0000000083200000, 0x0000000083100000| Untracked 
|   4|0x0000000083200000, 0x0000000083300000, 0x0000000083300000|100%| O|  |TAMS 0x0000000083300000, 0x0000000083200000| Untracked 
|   5|0x0000000083300000, 0x0000000083400000, 0x0000000083400000|100%| O|  |TAMS 0x0000000083400000, 0x0000000083300000| Untracked 
|   6|0x0000000083400000, 0x0000000083500000, 0x0000000083500000|100%| O|  |TAMS 0x0000000083500000, 0x0000000083400000| Untracked 
|   7|0x0000000083500000, 0x0000000083600000, 0x0000000083600000|100%| O|  |TAMS 0x0000000083600000, 0x0000000083500000| Untracked 
|   8|0x0000000083600000, 0x0000000083700000, 0x0000000083700000|100%| O|  |TAMS 0x0000000083700000, 0x0000000083600000| Untracked 
|   9|0x0000000083700000, 0x0000000083797a00, 0x0000000083800000| 59%| O|  |TAMS 0x0000000083797a00, 0x0000000083700000| Untracked 
|  10|0x0000000083800000, 0x0000000083900000, 0x0000000083900000|100%| O|  |TAMS 0x0000000083900000, 0x0000000083800000| Untracked 
|  11|0x0000000083900000, 0x0000000083a00000, 0x0000000083a00000|100%| O|  |TAMS 0x0000000083a00000, 0x0000000083900000| Untracked 
|  12|0x0000000083a00000, 0x0000000083b00000, 0x0000000083b00000|100%| O|  |TAMS 0x0000000083b00000, 0x0000000083a00000| Untracked 
|  13|0x0000000083b00000, 0x0000000083c00000, 0x0000000083c00000|100%| O|  |TAMS 0x0000000083c00000, 0x0000000083b00000| Untracked 
|  14|0x0000000083c00000, 0x0000000083d00000, 0x0000000083d00000|100%| O|  |TAMS 0x0000000083d00000, 0x0000000083c00000| Untracked 
|  15|0x0000000083d00000, 0x0000000083e00000, 0x0000000083e00000|100%| O|  |TAMS 0x0000000083e00000, 0x0000000083d00000| Untracked 
|  16|0x0000000083e00000, 0x0000000083f00000, 0x0000000083f00000|100%| O|  |TAMS 0x0000000083f00000, 0x0000000083e00000| Untracked 
|  17|0x0000000083f00000, 0x0000000084000000, 0x0000000084000000|100%| O|  |TAMS 0x0000000084000000, 0x0000000083f00000| Untracked 
|  18|0x0000000084000000, 0x0000000084100000, 0x0000000084100000|100%| O|  |TAMS 0x0000000084100000, 0x0000000084000000| Untracked 
|  19|0x0000000084100000, 0x0000000084200000, 0x0000000084200000|100%| O|  |TAMS 0x0000000084200000, 0x0000000084100000| Untracked 
|  20|0x0000000084200000, 0x0000000084300000, 0x0000000084300000|100%| O|  |TAMS 0x0000000084300000, 0x0000000084200000| Untracked 
|  21|0x0000000084300000, 0x0000000084400000, 0x0000000084400000|100%| O|  |TAMS 0x0000000084400000, 0x0000000084300000| Untracked 
|  22|0x0000000084400000, 0x0000000084500000, 0x0000000084500000|100%| O|  |TAMS 0x0000000084500000, 0x0000000084400000| Untracked 
|  23|0x0000000084500000, 0x0000000084600000, 0x0000000084600000|100%| O|  |TAMS 0x0000000084600000, 0x0000000084500000| Untracked 
|  24|0x0000000084600000, 0x0000000084700000, 0x0000000084700000|100%| O|  |TAMS 0x0000000084700000, 0x0000000084600000| Untracked 
|  25|0x0000000084700000, 0x0000000084800000, 0x0000000084800000|100%| O|  |TAMS 0x0000000084800000, 0x0000000084700000| Untracked 
|  26|0x0000000084800000, 0x0000000084900000, 0x0000000084900000|100%| O|  |TAMS 0x0000000084900000, 0x0000000084800000| Untracked 
|  27|0x0000000084900000, 0x0000000084a00000, 0x0000000084a00000|100%| O|  |TAMS 0x0000000084900000, 0x0000000084900000| Untracked 
|  28|0x0000000084a00000, 0x0000000084b00000, 0x0000000084b00000|100%| O|  |TAMS 0x0000000084b00000, 0x0000000084a00000| Untracked 
|  29|0x0000000084b00000, 0x0000000084c00000, 0x0000000084c00000|100%| O|  |TAMS 0x0000000084c00000, 0x0000000084b00000| Untracked 
|  30|0x0000000084c00000, 0x0000000084d00000, 0x0000000084d00000|100%| O|  |TAMS 0x0000000084d00000, 0x0000000084c00000| Untracked 
|  31|0x0000000084d00000, 0x0000000084e00000, 0x0000000084e00000|100%| O|  |TAMS 0x0000000084e00000, 0x0000000084d00000| Untracked 
|  32|0x0000000084e00000, 0x0000000084f00000, 0x0000000084f00000|100%| O|  |TAMS 0x0000000084f00000, 0x0000000084e00000| Untracked 
|  33|0x0000000084f00000, 0x0000000085000000, 0x0000000085000000|100%| O|  |TAMS 0x0000000084f00000, 0x0000000084f00000| Untracked 
|  34|0x0000000085000000, 0x0000000085000000, 0x0000000085100000|  0%| F|  |TAMS 0x0000000085000000, 0x0000000085000000| Untracked 
|  35|0x0000000085100000, 0x0000000085200000, 0x0000000085200000|100%| O|  |TAMS 0x0000000085100000, 0x0000000085100000| Untracked 
|  36|0x0000000085200000, 0x0000000085300000, 0x0000000085300000|100%| O|  |TAMS 0x0000000085200000, 0x0000000085200000| Untracked 
|  37|0x0000000085300000, 0x0000000085300000, 0x0000000085400000|  0%| F|  |TAMS 0x0000000085300000, 0x0000000085300000| Untracked 
|  38|0x0000000085400000, 0x0000000085400000, 0x0000000085500000|  0%| F|  |TAMS 0x0000000085400000, 0x0000000085400000| Untracked 
|  39|0x0000000085500000, 0x0000000085500000, 0x0000000085600000|  0%| F|  |TAMS 0x0000000085500000, 0x0000000085500000| Untracked 
|  40|0x0000000085600000, 0x0000000085600000, 0x0000000085700000|  0%| F|  |TAMS 0x0000000085600000, 0x0000000085600000| Untracked 
|  41|0x0000000085700000, 0x0000000085800000, 0x0000000085800000|100%| O|  |TAMS 0x0000000085800000, 0x0000000085700000| Untracked 
|  42|0x0000000085800000, 0x0000000085800000, 0x0000000085900000|  0%| F|  |TAMS 0x0000000085800000, 0x0000000085800000| Untracked 
|  43|0x0000000085900000, 0x0000000085a00000, 0x0000000085a00000|100%| O|  |TAMS 0x0000000085a00000, 0x0000000085900000| Untracked 
|  44|0x0000000085a00000, 0x0000000085a00000, 0x0000000085b00000|  0%| F|  |TAMS 0x0000000085a00000, 0x0000000085a00000| Untracked 
|  45|0x0000000085b00000, 0x0000000085c00000, 0x0000000085c00000|100%| O|  |TAMS 0x0000000085c00000, 0x0000000085b00000| Untracked 
|  46|0x0000000085c00000, 0x0000000085c00000, 0x0000000085d00000|  0%| F|  |TAMS 0x0000000085c00000, 0x0000000085c00000| Untracked 
|  47|0x0000000085d00000, 0x0000000085e00000, 0x0000000085e00000|100%| O|  |TAMS 0x0000000085e00000, 0x0000000085d00000| Untracked 
|  48|0x0000000085e00000, 0x0000000085f00000, 0x0000000085f00000|100%| O|  |TAMS 0x0000000085e00000, 0x0000000085e00000| Untracked 
|  49|0x0000000085f00000, 0x0000000085f00000, 0x0000000086000000|  0%| F|  |TAMS 0x0000000085f00000, 0x0000000085f00000| Untracked 
|  50|0x0000000086000000, 0x0000000086000000, 0x0000000086100000|  0%| F|  |TAMS 0x0000000086000000, 0x0000000086000000| Untracked 
|  51|0x0000000086100000, 0x0000000086100000, 0x0000000086200000|  0%| F|  |TAMS 0x0000000086100000, 0x0000000086100000| Untracked 
|  52|0x0000000086200000, 0x0000000086300000, 0x0000000086300000|100%| O|  |TAMS 0x0000000086264c00, 0x0000000086200000| Untracked 
|  53|0x0000000086300000, 0x0000000086400000, 0x0000000086400000|100%| O|  |TAMS 0x0000000086300000, 0x0000000086300000| Untracked 
|  54|0x0000000086400000, 0x0000000086500000, 0x0000000086500000|100%| O|  |TAMS 0x0000000086400000, 0x0000000086400000| Untracked 
|  55|0x0000000086500000, 0x0000000086600000, 0x0000000086600000|100%| O|  |TAMS 0x0000000086500000, 0x0000000086500000| Untracked 
|  56|0x0000000086600000, 0x0000000086700000, 0x0000000086700000|100%| O|  |TAMS 0x0000000086600000, 0x0000000086600000| Untracked 
|  57|0x0000000086700000, 0x0000000086800000, 0x0000000086800000|100%| O|  |TAMS 0x0000000086700000, 0x0000000086700000| Untracked 
|  58|0x0000000086800000, 0x0000000086900000, 0x0000000086900000|100%| O|  |TAMS 0x0000000086800000, 0x0000000086800000| Untracked 
|  59|0x0000000086900000, 0x0000000086a00000, 0x0000000086a00000|100%| O|  |TAMS 0x0000000086900000, 0x0000000086900000| Untracked 
|  60|0x0000000086a00000, 0x0000000086affc00, 0x0000000086b00000| 99%| O|  |TAMS 0x0000000086a00000, 0x0000000086a00000| Untracked 
|  61|0x0000000086b00000, 0x0000000086b00000, 0x0000000086c00000|  0%| F|  |TAMS 0x0000000086b00000, 0x0000000086b00000| Untracked 
|  62|0x0000000086c00000, 0x0000000086c00000, 0x0000000086d00000|  0%| F|  |TAMS 0x0000000086c00000, 0x0000000086c00000| Untracked 
|  63|0x0000000086d00000, 0x0000000086d00000, 0x0000000086e00000|  0%| F|  |TAMS 0x0000000086d00000, 0x0000000086d00000| Untracked 
|  64|0x0000000086e00000, 0x0000000086e00000, 0x0000000086f00000|  0%| F|  |TAMS 0x0000000086e00000, 0x0000000086e00000| Untracked 
|  65|0x0000000086f00000, 0x0000000086f00000, 0x0000000087000000|  0%| F|  |TAMS 0x0000000086f00000, 0x0000000086f00000| Untracked 
|  66|0x0000000087000000, 0x0000000087000000, 0x0000000087100000|  0%| F|  |TAMS 0x0000000087000000, 0x0000000087000000| Untracked 
|  67|0x0000000087100000, 0x0000000087100000, 0x0000000087200000|  0%| F|  |TAMS 0x0000000087100000, 0x0000000087100000| Untracked 
|  68|0x0000000087200000, 0x0000000087200000, 0x0000000087300000|  0%| F|  |TAMS 0x0000000087200000, 0x0000000087200000| Untracked 
|  69|0x0000000087300000, 0x0000000087300000, 0x0000000087400000|  0%| F|  |TAMS 0x0000000087300000, 0x0000000087300000| Untracked 
|  70|0x0000000087400000, 0x0000000087400000, 0x0000000087500000|  0%| F|  |TAMS 0x0000000087400000, 0x0000000087400000| Untracked 
|  71|0x0000000087500000, 0x0000000087500000, 0x0000000087600000|  0%| F|  |TAMS 0x0000000087500000, 0x0000000087500000| Untracked 
|  72|0x0000000087600000, 0x0000000087600000, 0x0000000087700000|  0%| F|  |TAMS 0x0000000087600000, 0x0000000087600000| Untracked 
|  73|0x0000000087700000, 0x0000000087700000, 0x0000000087800000|  0%| F|  |TAMS 0x0000000087700000, 0x0000000087700000| Untracked 
|  74|0x0000000087800000, 0x0000000087800000, 0x0000000087900000|  0%| F|  |TAMS 0x0000000087800000, 0x0000000087800000| Untracked 
|  75|0x0000000087900000, 0x0000000087900000, 0x0000000087a00000|  0%| F|  |TAMS 0x0000000087900000, 0x0000000087900000| Untracked 
|  76|0x0000000087a00000, 0x0000000087a00000, 0x0000000087b00000|  0%| F|  |TAMS 0x0000000087a00000, 0x0000000087a00000| Untracked 
|  77|0x0000000087b00000, 0x0000000087b00000, 0x0000000087c00000|  0%| F|  |TAMS 0x0000000087b00000, 0x0000000087b00000| Untracked 
|  78|0x0000000087c00000, 0x0000000087c00000, 0x0000000087d00000|  0%| F|  |TAMS 0x0000000087c00000, 0x0000000087c00000| Untracked 
|  79|0x0000000087d00000, 0x0000000087d00000, 0x0000000087e00000|  0%| F|  |TAMS 0x0000000087d00000, 0x0000000087d00000| Untracked 
|  80|0x0000000087e00000, 0x0000000087e00000, 0x0000000087f00000|  0%| F|  |TAMS 0x0000000087e00000, 0x0000000087e00000| Untracked 
|  81|0x0000000087f00000, 0x0000000087f00000, 0x0000000088000000|  0%| F|  |TAMS 0x0000000087f00000, 0x0000000087f00000| Untracked 
|  82|0x0000000088000000, 0x0000000088000000, 0x0000000088100000|  0%| F|  |TAMS 0x0000000088000000, 0x0000000088000000| Untracked 
|  83|0x0000000088100000, 0x0000000088100000, 0x0000000088200000|  0%| F|  |TAMS 0x0000000088100000, 0x0000000088100000| Untracked 
|  84|0x0000000088200000, 0x0000000088200000, 0x0000000088300000|  0%| F|  |TAMS 0x0000000088200000, 0x0000000088200000| Untracked 
|  85|0x0000000088300000, 0x0000000088300000, 0x0000000088400000|  0%| F|  |TAMS 0x0000000088300000, 0x0000000088300000| Untracked 
|  86|0x0000000088400000, 0x0000000088400000, 0x0000000088500000|  0%| F|  |TAMS 0x0000000088400000, 0x0000000088400000| Untracked 
|  87|0x0000000088500000, 0x0000000088500000, 0x0000000088600000|  0%| F|  |TAMS 0x0000000088500000, 0x0000000088500000| Untracked 
|  88|0x0000000088600000, 0x0000000088600000, 0x0000000088700000|  0%| F|  |TAMS 0x0000000088600000, 0x0000000088600000| Untracked 
|  89|0x0000000088700000, 0x0000000088700000, 0x0000000088800000|  0%| F|  |TAMS 0x0000000088700000, 0x0000000088700000| Untracked 
|  90|0x0000000088800000, 0x0000000088800000, 0x0000000088900000|  0%| F|  |TAMS 0x0000000088800000, 0x0000000088800000| Untracked 
|  91|0x0000000088900000, 0x0000000088900000, 0x0000000088a00000|  0%| F|  |TAMS 0x0000000088900000, 0x0000000088900000| Untracked 
|  92|0x0000000088a00000, 0x0000000088a00000, 0x0000000088b00000|  0%| F|  |TAMS 0x0000000088a00000, 0x0000000088a00000| Untracked 
|  93|0x0000000088b00000, 0x0000000088b00000, 0x0000000088c00000|  0%| F|  |TAMS 0x0000000088b00000, 0x0000000088b00000| Untracked 
|  94|0x0000000088c00000, 0x0000000088c00000, 0x0000000088d00000|  0%| F|  |TAMS 0x0000000088c00000, 0x0000000088c00000| Untracked 
|  95|0x0000000088d00000, 0x0000000088d00000, 0x0000000088e00000|  0%| F|  |TAMS 0x0000000088d00000, 0x0000000088d00000| Untracked 
|  96|0x0000000088e00000, 0x0000000088e00000, 0x0000000088f00000|  0%| F|  |TAMS 0x0000000088e00000, 0x0000000088e00000| Untracked 
|  97|0x0000000088f00000, 0x0000000088f00000, 0x0000000089000000|  0%| F|  |TAMS 0x0000000088f00000, 0x0000000088f00000| Untracked 
|  98|0x0000000089000000, 0x0000000089000000, 0x0000000089100000|  0%| F|  |TAMS 0x0000000089000000, 0x0000000089000000| Untracked 
|  99|0x0000000089100000, 0x0000000089100000, 0x0000000089200000|  0%| F|  |TAMS 0x0000000089100000, 0x0000000089100000| Untracked 
| 100|0x0000000089200000, 0x0000000089200000, 0x0000000089300000|  0%| F|  |TAMS 0x0000000089200000, 0x0000000089200000| Untracked 
| 101|0x0000000089300000, 0x0000000089300000, 0x0000000089400000|  0%| F|  |TAMS 0x0000000089300000, 0x0000000089300000| Untracked 
| 102|0x0000000089400000, 0x0000000089400000, 0x0000000089500000|  0%| F|  |TAMS 0x0000000089400000, 0x0000000089400000| Untracked 
| 103|0x0000000089500000, 0x0000000089500000, 0x0000000089600000|  0%| F|  |TAMS 0x0000000089500000, 0x0000000089500000| Untracked 
| 104|0x0000000089600000, 0x0000000089600000, 0x0000000089700000|  0%| F|  |TAMS 0x0000000089600000, 0x0000000089600000| Untracked 
| 105|0x0000000089700000, 0x0000000089700000, 0x0000000089800000|  0%| F|  |TAMS 0x0000000089700000, 0x0000000089700000| Untracked 
| 106|0x0000000089800000, 0x0000000089800000, 0x0000000089900000|  0%| F|  |TAMS 0x0000000089800000, 0x0000000089800000| Untracked 
| 107|0x0000000089900000, 0x0000000089900000, 0x0000000089a00000|  0%| F|  |TAMS 0x0000000089900000, 0x0000000089900000| Untracked 
| 108|0x0000000089a00000, 0x0000000089a00000, 0x0000000089b00000|  0%| F|  |TAMS 0x0000000089a00000, 0x0000000089a00000| Untracked 
| 109|0x0000000089b00000, 0x0000000089b00000, 0x0000000089c00000|  0%| F|  |TAMS 0x0000000089b00000, 0x0000000089b00000| Untracked 
| 110|0x0000000089c00000, 0x0000000089c00000, 0x0000000089d00000|  0%| F|  |TAMS 0x0000000089c00000, 0x0000000089c00000| Untracked 
| 111|0x0000000089d00000, 0x0000000089d00000, 0x0000000089e00000|  0%| F|  |TAMS 0x0000000089d00000, 0x0000000089d00000| Untracked 
| 112|0x0000000089e00000, 0x0000000089e00000, 0x0000000089f00000|  0%| F|  |TAMS 0x0000000089e00000, 0x0000000089e00000| Untracked 
| 113|0x0000000089f00000, 0x0000000089f00000, 0x000000008a000000|  0%| F|  |TAMS 0x0000000089f00000, 0x0000000089f00000| Untracked 
| 114|0x000000008a000000, 0x000000008a000000, 0x000000008a100000|  0%| F|  |TAMS 0x000000008a000000, 0x000000008a000000| Untracked 
| 115|0x000000008a100000, 0x000000008a100000, 0x000000008a200000|  0%| F|  |TAMS 0x000000008a100000, 0x000000008a100000| Untracked 
| 116|0x000000008a200000, 0x000000008a200000, 0x000000008a300000|  0%| F|  |TAMS 0x000000008a200000, 0x000000008a200000| Untracked 
| 117|0x000000008a300000, 0x000000008a3ab370, 0x000000008a400000| 66%| S|CS|TAMS 0x000000008a300000, 0x000000008a300000| Complete 
| 118|0x000000008a400000, 0x000000008a400000, 0x000000008a500000|  0%| F|  |TAMS 0x000000008a400000, 0x000000008a400000| Untracked 
| 119|0x000000008a500000, 0x000000008a500000, 0x000000008a600000|  0%| F|  |TAMS 0x000000008a500000, 0x000000008a500000| Untracked 
| 120|0x000000008a600000, 0x000000008a600000, 0x000000008a700000|  0%| F|  |TAMS 0x000000008a600000, 0x000000008a600000| Untracked 
| 121|0x000000008a700000, 0x000000008a700000, 0x000000008a800000|  0%| F|  |TAMS 0x000000008a700000, 0x000000008a700000| Untracked 
| 122|0x000000008a800000, 0x000000008a800000, 0x000000008a900000|  0%| F|  |TAMS 0x000000008a800000, 0x000000008a800000| Untracked 
| 123|0x000000008a900000, 0x000000008a900000, 0x000000008aa00000|  0%| F|  |TAMS 0x000000008a900000, 0x000000008a900000| Untracked 
| 124|0x000000008aa00000, 0x000000008aa00000, 0x000000008ab00000|  0%| F|  |TAMS 0x000000008aa00000, 0x000000008aa00000| Untracked 
| 125|0x000000008ab00000, 0x000000008ab00000, 0x000000008ac00000|  0%| F|  |TAMS 0x000000008ab00000, 0x000000008ab00000| Untracked 
| 126|0x000000008ac00000, 0x000000008ac00000, 0x000000008ad00000|  0%| F|  |TAMS 0x000000008ac00000, 0x000000008ac00000| Untracked 
| 127|0x000000008ad00000, 0x000000008ad00000, 0x000000008ae00000|  0%| F|  |TAMS 0x000000008ad00000, 0x000000008ad00000| Untracked 
| 128|0x000000008ae00000, 0x000000008ae00000, 0x000000008af00000|  0%| F|  |TAMS 0x000000008ae00000, 0x000000008ae00000| Untracked 
| 129|0x000000008af00000, 0x000000008af00000, 0x000000008b000000|  0%| F|  |TAMS 0x000000008af00000, 0x000000008af00000| Untracked 
| 130|0x000000008b000000, 0x000000008b000000, 0x000000008b100000|  0%| F|  |TAMS 0x000000008b000000, 0x000000008b000000| Untracked 
| 131|0x000000008b100000, 0x000000008b100000, 0x000000008b200000|  0%| F|  |TAMS 0x000000008b100000, 0x000000008b100000| Untracked 
| 132|0x000000008b200000, 0x000000008b200000, 0x000000008b300000|  0%| F|  |TAMS 0x000000008b200000, 0x000000008b200000| Untracked 
| 133|0x000000008b300000, 0x000000008b300000, 0x000000008b400000|  0%| F|  |TAMS 0x000000008b300000, 0x000000008b300000| Untracked 
| 134|0x000000008b400000, 0x000000008b400000, 0x000000008b500000|  0%| F|  |TAMS 0x000000008b400000, 0x000000008b400000| Untracked 
| 135|0x000000008b500000, 0x000000008b500000, 0x000000008b600000|  0%| F|  |TAMS 0x000000008b500000, 0x000000008b500000| Untracked 
| 136|0x000000008b600000, 0x000000008b600000, 0x000000008b700000|  0%| F|  |TAMS 0x000000008b600000, 0x000000008b600000| Untracked 
| 137|0x000000008b700000, 0x000000008b700000, 0x000000008b800000|  0%| F|  |TAMS 0x000000008b700000, 0x000000008b700000| Untracked 
| 138|0x000000008b800000, 0x000000008b800000, 0x000000008b900000|  0%| F|  |TAMS 0x000000008b800000, 0x000000008b800000| Untracked 
| 139|0x000000008b900000, 0x000000008b900000, 0x000000008ba00000|  0%| F|  |TAMS 0x000000008b900000, 0x000000008b900000| Untracked 
| 140|0x000000008ba00000, 0x000000008ba00000, 0x000000008bb00000|  0%| F|  |TAMS 0x000000008ba00000, 0x000000008ba00000| Untracked 
| 141|0x000000008bb00000, 0x000000008bb00000, 0x000000008bc00000|  0%| F|  |TAMS 0x000000008bb00000, 0x000000008bb00000| Untracked 
| 142|0x000000008bc00000, 0x000000008bc00000, 0x000000008bd00000|  0%| F|  |TAMS 0x000000008bc00000, 0x000000008bc00000| Untracked 
| 143|0x000000008bd00000, 0x000000008bd00000, 0x000000008be00000|  0%| F|  |TAMS 0x000000008bd00000, 0x000000008bd00000| Untracked 
| 144|0x000000008be00000, 0x000000008be00000, 0x000000008bf00000|  0%| F|  |TAMS 0x000000008be00000, 0x000000008be00000| Untracked 
| 145|0x000000008bf00000, 0x000000008bf00000, 0x000000008c000000|  0%| F|  |TAMS 0x000000008bf00000, 0x000000008bf00000| Untracked 
| 146|0x000000008c000000, 0x000000008c000000, 0x000000008c100000|  0%| F|  |TAMS 0x000000008c000000, 0x000000008c000000| Untracked 
| 147|0x000000008c100000, 0x000000008c100000, 0x000000008c200000|  0%| F|  |TAMS 0x000000008c100000, 0x000000008c100000| Untracked 
| 148|0x000000008c200000, 0x000000008c200000, 0x000000008c300000|  0%| F|  |TAMS 0x000000008c200000, 0x000000008c200000| Untracked 
| 149|0x000000008c300000, 0x000000008c300000, 0x000000008c400000|  0%| F|  |TAMS 0x000000008c300000, 0x000000008c300000| Untracked 
| 150|0x000000008c400000, 0x000000008c400000, 0x000000008c500000|  0%| F|  |TAMS 0x000000008c400000, 0x000000008c400000| Untracked 
| 151|0x000000008c500000, 0x000000008c500000, 0x000000008c600000|  0%| F|  |TAMS 0x000000008c500000, 0x000000008c500000| Untracked 
| 152|0x000000008c600000, 0x000000008c600000, 0x000000008c700000|  0%| F|  |TAMS 0x000000008c600000, 0x000000008c600000| Untracked 
| 153|0x000000008c700000, 0x000000008c700000, 0x000000008c800000|  0%| F|  |TAMS 0x000000008c700000, 0x000000008c700000| Untracked 
| 154|0x000000008c800000, 0x000000008c800000, 0x000000008c900000|  0%| F|  |TAMS 0x000000008c800000, 0x000000008c800000| Untracked 
| 155|0x000000008c900000, 0x000000008c900000, 0x000000008ca00000|  0%| F|  |TAMS 0x000000008c900000, 0x000000008c900000| Untracked 
| 156|0x000000008ca00000, 0x000000008ca00000, 0x000000008cb00000|  0%| F|  |TAMS 0x000000008ca00000, 0x000000008ca00000| Untracked 
| 157|0x000000008cb00000, 0x000000008cb00000, 0x000000008cc00000|  0%| F|  |TAMS 0x000000008cb00000, 0x000000008cb00000| Untracked 
| 158|0x000000008cc00000, 0x000000008cc00000, 0x000000008cd00000|  0%| F|  |TAMS 0x000000008cc00000, 0x000000008cc00000| Untracked 
| 159|0x000000008cd00000, 0x000000008cd00000, 0x000000008ce00000|  0%| F|  |TAMS 0x000000008cd00000, 0x000000008cd00000| Untracked 
| 160|0x000000008ce00000, 0x000000008ce00000, 0x000000008cf00000|  0%| F|  |TAMS 0x000000008ce00000, 0x000000008ce00000| Untracked 
| 161|0x000000008cf00000, 0x000000008cf00000, 0x000000008d000000|  0%| F|  |TAMS 0x000000008cf00000, 0x000000008cf00000| Untracked 
| 162|0x000000008d000000, 0x000000008d000000, 0x000000008d100000|  0%| F|  |TAMS 0x000000008d000000, 0x000000008d000000| Untracked 
| 163|0x000000008d100000, 0x000000008d100000, 0x000000008d200000|  0%| F|  |TAMS 0x000000008d100000, 0x000000008d100000| Untracked 
| 164|0x000000008d200000, 0x000000008d200000, 0x000000008d300000|  0%| F|  |TAMS 0x000000008d200000, 0x000000008d200000| Untracked 
| 165|0x000000008d300000, 0x000000008d300000, 0x000000008d400000|  0%| F|  |TAMS 0x000000008d300000, 0x000000008d300000| Untracked 
| 166|0x000000008d400000, 0x000000008d400000, 0x000000008d500000|  0%| F|  |TAMS 0x000000008d400000, 0x000000008d400000| Untracked 
| 167|0x000000008d500000, 0x000000008d500000, 0x000000008d600000|  0%| F|  |TAMS 0x000000008d500000, 0x000000008d500000| Untracked 
| 168|0x000000008d600000, 0x000000008d600000, 0x000000008d700000|  0%| F|  |TAMS 0x000000008d600000, 0x000000008d600000| Untracked 
| 169|0x000000008d700000, 0x000000008d700000, 0x000000008d800000|  0%| F|  |TAMS 0x000000008d700000, 0x000000008d700000| Untracked 
| 170|0x000000008d800000, 0x000000008d800000, 0x000000008d900000|  0%| F|  |TAMS 0x000000008d800000, 0x000000008d800000| Untracked 
| 171|0x000000008d900000, 0x000000008d900000, 0x000000008da00000|  0%| F|  |TAMS 0x000000008d900000, 0x000000008d900000| Untracked 
| 172|0x000000008da00000, 0x000000008da00000, 0x000000008db00000|  0%| F|  |TAMS 0x000000008da00000, 0x000000008da00000| Untracked 
| 173|0x000000008db00000, 0x000000008db00000, 0x000000008dc00000|  0%| F|  |TAMS 0x000000008db00000, 0x000000008db00000| Untracked 
| 174|0x000000008dc00000, 0x000000008dc00000, 0x000000008dd00000|  0%| F|  |TAMS 0x000000008dc00000, 0x000000008dc00000| Untracked 
| 175|0x000000008dd00000, 0x000000008dd00000, 0x000000008de00000|  0%| F|  |TAMS 0x000000008dd00000, 0x000000008dd00000| Untracked 
| 176|0x000000008de00000, 0x000000008de00000, 0x000000008df00000|  0%| F|  |TAMS 0x000000008de00000, 0x000000008de00000| Untracked 
| 177|0x000000008df00000, 0x000000008df00000, 0x000000008e000000|  0%| F|  |TAMS 0x000000008df00000, 0x000000008df00000| Untracked 
| 178|0x000000008e000000, 0x000000008e000000, 0x000000008e100000|  0%| F|  |TAMS 0x000000008e000000, 0x000000008e000000| Untracked 
| 179|0x000000008e100000, 0x000000008e100000, 0x000000008e200000|  0%| F|  |TAMS 0x000000008e100000, 0x000000008e100000| Untracked 
| 180|0x000000008e200000, 0x000000008e200000, 0x000000008e300000|  0%| F|  |TAMS 0x000000008e200000, 0x000000008e200000| Untracked 
| 181|0x000000008e300000, 0x000000008e300000, 0x000000008e400000|  0%| F|  |TAMS 0x000000008e300000, 0x000000008e300000| Untracked 
| 182|0x000000008e400000, 0x000000008e400000, 0x000000008e500000|  0%| F|  |TAMS 0x000000008e400000, 0x000000008e400000| Untracked 
| 183|0x000000008e500000, 0x000000008e500000, 0x000000008e600000|  0%| F|  |TAMS 0x000000008e500000, 0x000000008e500000| Untracked 
| 184|0x000000008e600000, 0x000000008e600000, 0x000000008e700000|  0%| F|  |TAMS 0x000000008e600000, 0x000000008e600000| Untracked 
| 185|0x000000008e700000, 0x000000008e700000, 0x000000008e800000|  0%| F|  |TAMS 0x000000008e700000, 0x000000008e700000| Untracked 
| 186|0x000000008e800000, 0x000000008e800000, 0x000000008e900000|  0%| F|  |TAMS 0x000000008e800000, 0x000000008e800000| Untracked 
| 187|0x000000008e900000, 0x000000008e900000, 0x000000008ea00000|  0%| F|  |TAMS 0x000000008e900000, 0x000000008e900000| Untracked 
| 188|0x000000008ea00000, 0x000000008ea00000, 0x000000008eb00000|  0%| F|  |TAMS 0x000000008ea00000, 0x000000008ea00000| Untracked 
| 189|0x000000008eb00000, 0x000000008eb00000, 0x000000008ec00000|  0%| F|  |TAMS 0x000000008eb00000, 0x000000008eb00000| Untracked 
| 190|0x000000008ec00000, 0x000000008ec00000, 0x000000008ed00000|  0%| F|  |TAMS 0x000000008ec00000, 0x000000008ec00000| Untracked 
| 191|0x000000008ed00000, 0x000000008ed00000, 0x000000008ee00000|  0%| F|  |TAMS 0x000000008ed00000, 0x000000008ed00000| Untracked 
| 192|0x000000008ee00000, 0x000000008ee00000, 0x000000008ef00000|  0%| F|  |TAMS 0x000000008ee00000, 0x000000008ee00000| Untracked 
| 193|0x000000008ef00000, 0x000000008ef00000, 0x000000008f000000|  0%| F|  |TAMS 0x000000008ef00000, 0x000000008ef00000| Untracked 
| 194|0x000000008f000000, 0x000000008f000000, 0x000000008f100000|  0%| F|  |TAMS 0x000000008f000000, 0x000000008f000000| Untracked 
| 195|0x000000008f100000, 0x000000008f100000, 0x000000008f200000|  0%| F|  |TAMS 0x000000008f100000, 0x000000008f100000| Untracked 
| 196|0x000000008f200000, 0x000000008f200000, 0x000000008f300000|  0%| F|  |TAMS 0x000000008f200000, 0x000000008f200000| Untracked 
| 197|0x000000008f300000, 0x000000008f300000, 0x000000008f400000|  0%| F|  |TAMS 0x000000008f300000, 0x000000008f300000| Untracked 
| 198|0x000000008f400000, 0x000000008f400000, 0x000000008f500000|  0%| F|  |TAMS 0x000000008f400000, 0x000000008f400000| Untracked 
| 199|0x000000008f500000, 0x000000008f500000, 0x000000008f600000|  0%| F|  |TAMS 0x000000008f500000, 0x000000008f500000| Untracked 
| 200|0x000000008f600000, 0x000000008f600000, 0x000000008f700000|  0%| F|  |TAMS 0x000000008f600000, 0x000000008f600000| Untracked 
| 201|0x000000008f700000, 0x000000008f700000, 0x000000008f800000|  0%| F|  |TAMS 0x000000008f700000, 0x000000008f700000| Untracked 
| 202|0x000000008f800000, 0x000000008f800000, 0x000000008f900000|  0%| F|  |TAMS 0x000000008f800000, 0x000000008f800000| Untracked 
| 203|0x000000008f900000, 0x000000008f900000, 0x000000008fa00000|  0%| F|  |TAMS 0x000000008f900000, 0x000000008f900000| Untracked 
| 204|0x000000008fa00000, 0x000000008fa00000, 0x000000008fb00000|  0%| F|  |TAMS 0x000000008fa00000, 0x000000008fa00000| Untracked 
| 205|0x000000008fb00000, 0x000000008fb00000, 0x000000008fc00000|  0%| F|  |TAMS 0x000000008fb00000, 0x000000008fb00000| Untracked 
| 206|0x000000008fc00000, 0x000000008fc00000, 0x000000008fd00000|  0%| F|  |TAMS 0x000000008fc00000, 0x000000008fc00000| Untracked 
| 207|0x000000008fd00000, 0x000000008fd00000, 0x000000008fe00000|  0%| F|  |TAMS 0x000000008fd00000, 0x000000008fd00000| Untracked 
| 208|0x000000008fe00000, 0x000000008feed2d8, 0x000000008ff00000| 92%| E|  |TAMS 0x000000008fe00000, 0x000000008fe00000| Complete 
| 209|0x000000008ff00000, 0x0000000090000000, 0x0000000090000000|100%| E|CS|TAMS 0x000000008ff00000, 0x000000008ff00000| Complete 
| 210|0x0000000090000000, 0x0000000090100000, 0x0000000090100000|100%| E|CS|TAMS 0x0000000090000000, 0x0000000090000000| Complete 
| 211|0x0000000090100000, 0x0000000090200000, 0x0000000090200000|100%| E|CS|TAMS 0x0000000090100000, 0x0000000090100000| Complete 
| 212|0x0000000090200000, 0x0000000090300000, 0x0000000090300000|100%| E|CS|TAMS 0x0000000090200000, 0x0000000090200000| Complete 
| 213|0x0000000090300000, 0x0000000090400000, 0x0000000090400000|100%| E|CS|TAMS 0x0000000090300000, 0x0000000090300000| Complete 
| 214|0x0000000090400000, 0x0000000090500000, 0x0000000090500000|100%| E|CS|TAMS 0x0000000090400000, 0x0000000090400000| Complete 
| 215|0x0000000090500000, 0x0000000090600000, 0x0000000090600000|100%| E|CS|TAMS 0x0000000090500000, 0x0000000090500000| Complete 
| 216|0x0000000090600000, 0x0000000090700000, 0x0000000090700000|100%| E|CS|TAMS 0x0000000090600000, 0x0000000090600000| Complete 
| 217|0x0000000090700000, 0x0000000090800000, 0x0000000090800000|100%| E|CS|TAMS 0x0000000090700000, 0x0000000090700000| Complete 
| 218|0x0000000090800000, 0x0000000090900000, 0x0000000090900000|100%| E|CS|TAMS 0x0000000090800000, 0x0000000090800000| Complete 
| 219|0x0000000090900000, 0x0000000090a00000, 0x0000000090a00000|100%| E|CS|TAMS 0x0000000090900000, 0x0000000090900000| Complete 
| 220|0x0000000090a00000, 0x0000000090b00000, 0x0000000090b00000|100%| E|CS|TAMS 0x0000000090a00000, 0x0000000090a00000| Complete 
| 221|0x0000000090b00000, 0x0000000090c00000, 0x0000000090c00000|100%| E|CS|TAMS 0x0000000090b00000, 0x0000000090b00000| Complete 
| 222|0x0000000090c00000, 0x0000000090d00000, 0x0000000090d00000|100%| E|CS|TAMS 0x0000000090c00000, 0x0000000090c00000| Complete 
| 223|0x0000000090d00000, 0x0000000090e00000, 0x0000000090e00000|100%| E|CS|TAMS 0x0000000090d00000, 0x0000000090d00000| Complete 
| 224|0x0000000090e00000, 0x0000000090f00000, 0x0000000090f00000|100%| E|CS|TAMS 0x0000000090e00000, 0x0000000090e00000| Complete 
| 225|0x0000000090f00000, 0x0000000091000000, 0x0000000091000000|100%| E|CS|TAMS 0x0000000090f00000, 0x0000000090f00000| Complete 
| 226|0x0000000091000000, 0x0000000091100000, 0x0000000091100000|100%| E|CS|TAMS 0x0000000091000000, 0x0000000091000000| Complete 
| 227|0x0000000091100000, 0x0000000091200000, 0x0000000091200000|100%| E|CS|TAMS 0x0000000091100000, 0x0000000091100000| Complete 
| 228|0x0000000091200000, 0x0000000091300000, 0x0000000091300000|100%| E|CS|TAMS 0x0000000091200000, 0x0000000091200000| Complete 
| 229|0x0000000091300000, 0x0000000091400000, 0x0000000091400000|100%| E|CS|TAMS 0x0000000091300000, 0x0000000091300000| Complete 
| 230|0x0000000091400000, 0x0000000091500000, 0x0000000091500000|100%| E|CS|TAMS 0x0000000091400000, 0x0000000091400000| Complete 
| 231|0x0000000091500000, 0x0000000091600000, 0x0000000091600000|100%| E|CS|TAMS 0x0000000091500000, 0x0000000091500000| Complete 
| 232|0x0000000091600000, 0x0000000091700000, 0x0000000091700000|100%| E|CS|TAMS 0x0000000091600000, 0x0000000091600000| Complete 
| 233|0x0000000091700000, 0x0000000091800000, 0x0000000091800000|100%| E|CS|TAMS 0x0000000091700000, 0x0000000091700000| Complete 

Card table byte_map: [0x0000013644ac0000,0x0000013644eb0000] _byte_map_base: 0x00000136446a9000

Marking Bits (Prev, Next): (CMBitMap*) 0x000001362db48ed0, (CMBitMap*) 0x000001362db48e90
 Prev Bits: [0x00000136471f0000, 0x0000013649138000)
 Next Bits: [0x00000136452a0000, 0x00000136471e8000)

Polling page: 0x000001362b9a0000

Metaspace:

Usage:
  Non-class:     50.33 MB used.
      Class:      7.93 MB used.
       Both:     58.26 MB used.

Virtual space:
  Non-class space:       64.00 MB reserved,      50.56 MB ( 79%) committed,  1 nodes.
      Class space:        1.00 GB reserved,       8.19 MB ( <1%) committed,  1 nodes.
             Both:        1.06 GB reserved,      58.75 MB (  5%) committed. 

Chunk freelists:
   Non-Class:  12.73 MB
       Class:  7.87 MB
        Both:  20.61 MB

MaxMetaspaceSize: unlimited
CompressedClassSpaceSize: 1.00 GB
Initial GC threshold: 21.00 MB
Current GC threshold: 93.56 MB
CDS: on
MetaspaceReclaimPolicy: balanced
 - commit_granule_bytes: 65536.
 - commit_granule_words: 8192.
 - virtual_space_node_default_size: 8388608.
 - enlarge_chunks_in_place: 1.
 - new_chunks_are_fully_committed: 0.
 - uncommit_free_chunks: 1.
 - use_allocation_guard: 0.
 - handle_deallocations: 1.


Internal statistics:

num_allocs_failed_limit: 6.
num_arena_births: 554.
num_arena_deaths: 0.
num_vsnodes_births: 2.
num_vsnodes_deaths: 0.
num_space_committed: 940.
num_space_uncommitted: 0.
num_chunks_returned_to_freelist: 6.
num_chunks_taken_from_freelist: 2852.
num_chunk_merges: 6.
num_chunk_splits: 1973.
num_chunks_enlarged: 1513.
num_inconsistent_stats: 0.

CodeHeap 'non-profiled nmethods': size=120000Kb used=4411Kb max_used=4411Kb free=115588Kb
 bounds [0x000001363ce70000, 0x000001363d2c0000, 0x00000136443a0000]
CodeHeap 'profiled nmethods': size=120000Kb used=12829Kb max_used=12829Kb free=107170Kb
 bounds [0x00000136353a0000, 0x0000013636030000, 0x000001363c8d0000]
CodeHeap 'non-nmethods': size=5760Kb used=1299Kb max_used=1425Kb free=4460Kb
 bounds [0x000001363c8d0000, 0x000001363cb40000, 0x000001363ce70000]
 total_blobs=6585 nmethods=5961 adapters=535
 compilation: enabled
              stopped_count=0, restarted_count=0
 full_count=0

Compilation events (20 events):
Event: 14.702 Thread 0x000001364bb73580 nmethod 6707 0x000001363601e210 code [0x000001363601e3c0, 0x000001363601e588]
Event: 14.707 Thread 0x000001364bb73580 6709       3       org.springframework.context.event.AbstractApplicationEventMulticaster::supportsEvent (52 bytes)
Event: 14.708 Thread 0x000001364bb73580 nmethod 6709 0x000001363601e610 code [0x000001363601e820, 0x000001363601f178]
Event: 14.709 Thread 0x000001364bb73580 6711   !   3       org.springframework.beans.factory.support.DefaultListableBeanFactory::updateManualSingletonNames (93 bytes)
Event: 14.710 Thread 0x00000136944b9a90 nmethod 6704 0x000001363d2be010 code [0x000001363d2be1c0, 0x000001363d2be4a8]
Event: 14.710 Thread 0x00000136944b9a90 6703       4       org.springframework.core.ResolvableType::resolveType (151 bytes)
Event: 14.711 Thread 0x000001364bb73580 nmethod 6711 0x000001363601f410 code [0x000001363601f680, 0x00000136360202d8]
Event: 14.711 Thread 0x000001364bb73580 6713       3       java.util.LinkedHashMap::afterNodeRemoval (65 bytes)
Event: 14.711 Thread 0x000001364bb73580 nmethod 6713 0x0000013636020790 code [0x0000013636020960, 0x0000013636020e18]
Event: 14.711 Thread 0x000001364bb73580 6712       3       java.util.concurrent.LinkedBlockingQueue::size (8 bytes)
Event: 14.711 Thread 0x000001364bb73580 nmethod 6712 0x0000013636020f90 code [0x0000013636021120, 0x0000013636021258]
Event: 14.712 Thread 0x000001364bb73580 6716       3       java.util.concurrent.ConcurrentHashMap$BaseIterator::remove (37 bytes)
Event: 14.712 Thread 0x000001364bb73580 nmethod 6716 0x0000013636021310 code [0x00000136360214e0, 0x0000013636021778]
Event: 14.715 Thread 0x000001364bb73580 6722   !   3       org.hibernate.service.internal.AbstractServiceRegistryImpl::getService (119 bytes)
Event: 14.717 Thread 0x000001364bb73580 nmethod 6722 0x0000013636021890 code [0x0000013636021b40, 0x0000013636022af8]
Event: 14.718 Thread 0x000001364bb73580 6723       1       org.springframework.util.ConcurrentReferenceHashMap$Segment::access$300 (5 bytes)
Event: 14.718 Thread 0x000001364bb73580 nmethod 6723 0x000001363d2be810 code [0x000001363d2be9a0, 0x000001363d2bea58]
Event: 14.718 Thread 0x000001364bb73580 6724       1       org.hibernate.service.spi.ServiceBinding::getLifecycleOwner (5 bytes)
Event: 14.718 Thread 0x000001364bb73580 nmethod 6724 0x000001363d2beb10 code [0x000001363d2beca0, 0x000001363d2bed78]
Event: 14.729 Thread 0x000001364bb73580 6725       3       java.util.Properties$LineReader::readLine (584 bytes)

GC Heap History (20 events):
Event: 10.977 GC heap before
{Heap before GC invocations=14 (full 0):
 garbage-first heap   total 61440K, used 48050K [0x0000000082e00000, 0x0000000100000000)
  region size 1024K, 25 young (25600K), 4 survivors (4096K)
 Metaspace       used 53213K, committed 53632K, reserved 1114112K
  class space    used 7208K, committed 7424K, reserved 1048576K
}
Event: 10.996 GC heap after
{Heap after GC invocations=15 (full 0):
 garbage-first heap   total 73728K, used 28476K [0x0000000082e00000, 0x0000000100000000)
  region size 1024K, 4 young (4096K), 4 survivors (4096K)
 Metaspace       used 53213K, committed 53632K, reserved 1114112K
  class space    used 7208K, committed 7424K, reserved 1048576K
}
Event: 11.948 GC heap before
{Heap before GC invocations=15 (full 0):
 garbage-first heap   total 73728K, used 57148K [0x0000000082e00000, 0x0000000100000000)
  region size 1024K, 32 young (32768K), 4 survivors (4096K)
 Metaspace       used 55573K, committed 56000K, reserved 1114112K
  class space    used 7531K, committed 7744K, reserved 1048576K
}
Event: 11.966 GC heap after
{Heap after GC invocations=16 (full 0):
 garbage-first heap   total 73728K, used 31173K [0x0000000082e00000, 0x0000000100000000)
  region size 1024K, 4 young (4096K), 4 survivors (4096K)
 Metaspace       used 55573K, committed 56000K, reserved 1114112K
  class space    used 7531K, committed 7744K, reserved 1048576K
}
Event: 12.370 GC heap before
{Heap before GC invocations=16 (full 0):
 garbage-first heap   total 73728K, used 57797K [0x0000000082e00000, 0x0000000100000000)
  region size 1024K, 30 young (30720K), 4 survivors (4096K)
 Metaspace       used 56670K, committed 57152K, reserved 1114112K
  class space    used 7642K, committed 7872K, reserved 1048576K
}
Event: 12.390 GC heap after
{Heap after GC invocations=17 (full 0):
 garbage-first heap   total 73728K, used 35861K [0x0000000082e00000, 0x0000000100000000)
  region size 1024K, 4 young (4096K), 4 survivors (4096K)
 Metaspace       used 56670K, committed 57152K, reserved 1114112K
  class space    used 7642K, committed 7872K, reserved 1048576K
}
Event: 12.523 GC heap before
{Heap before GC invocations=17 (full 0):
 garbage-first heap   total 73728K, used 56341K [0x0000000082e00000, 0x0000000100000000)
  region size 1024K, 24 young (24576K), 4 survivors (4096K)
 Metaspace       used 56757K, committed 57216K, reserved 1114112K
  class space    used 7645K, committed 7872K, reserved 1048576K
}
Event: 12.542 GC heap after
{Heap after GC invocations=18 (full 0):
 garbage-first heap   total 73728K, used 41316K [0x0000000082e00000, 0x0000000100000000)
  region size 1024K, 3 young (3072K), 3 survivors (3072K)
 Metaspace       used 56757K, committed 57216K, reserved 1114112K
  class space    used 7645K, committed 7872K, reserved 1048576K
}
Event: 12.629 GC heap before
{Heap before GC invocations=18 (full 0):
 garbage-first heap   total 73728K, used 48484K [0x0000000082e00000, 0x0000000100000000)
  region size 1024K, 11 young (11264K), 3 survivors (3072K)
 Metaspace       used 56855K, committed 57280K, reserved 1114112K
  class space    used 7654K, committed 7872K, reserved 1048576K
}
Event: 12.640 GC heap after
{Heap after GC invocations=19 (full 0):
 garbage-first heap   total 115712K, used 43586K [0x0000000082e00000, 0x0000000100000000)
  region size 1024K, 2 young (2048K), 2 survivors (2048K)
 Metaspace       used 56855K, committed 57280K, reserved 1114112K
  class space    used 7654K, committed 7872K, reserved 1048576K
}
Event: 12.863 GC heap before
{Heap before GC invocations=19 (full 0):
 garbage-first heap   total 115712K, used 77378K [0x0000000082e00000, 0x0000000100000000)
  region size 1024K, 35 young (35840K), 2 survivors (2048K)
 Metaspace       used 56892K, committed 57344K, reserved 1114112K
  class space    used 7654K, committed 7872K, reserved 1048576K
}
Event: 12.888 GC heap after
{Heap after GC invocations=20 (full 0):
 garbage-first heap   total 115712K, used 51149K [0x0000000082e00000, 0x0000000100000000)
  region size 1024K, 5 young (5120K), 5 survivors (5120K)
 Metaspace       used 56892K, committed 57344K, reserved 1114112K
  class space    used 7654K, committed 7872K, reserved 1048576K
}
Event: 13.116 GC heap before
{Heap before GC invocations=20 (full 0):
 garbage-first heap   total 115712K, used 80845K [0x0000000082e00000, 0x0000000100000000)
  region size 1024K, 34 young (34816K), 5 survivors (5120K)
 Metaspace       used 57005K, committed 57472K, reserved 1114112K
  class space    used 7654K, committed 7872K, reserved 1048576K
}
Event: 13.141 GC heap after
{Heap after GC invocations=21 (full 0):
 garbage-first heap   total 115712K, used 58353K [0x0000000082e00000, 0x0000000100000000)
  region size 1024K, 5 young (5120K), 5 survivors (5120K)
 Metaspace       used 57005K, committed 57472K, reserved 1114112K
  class space    used 7654K, committed 7872K, reserved 1048576K
}
Event: 13.154 GC heap before
{Heap before GC invocations=21 (full 0):
 garbage-first heap   total 115712K, used 59377K [0x0000000082e00000, 0x0000000100000000)
  region size 1024K, 7 young (7168K), 5 survivors (5120K)
 Metaspace       used 57005K, committed 57472K, reserved 1114112K
  class space    used 7654K, committed 7872K, reserved 1048576K
}
Event: 13.160 GC heap after
{Heap after GC invocations=22 (full 0):
 garbage-first heap   total 115712K, used 59959K [0x0000000082e00000, 0x0000000100000000)
  region size 1024K, 1 young (1024K), 1 survivors (1024K)
 Metaspace       used 57005K, committed 57472K, reserved 1114112K
  class space    used 7654K, committed 7872K, reserved 1048576K
}
Event: 13.463 GC heap before
{Heap before GC invocations=23 (full 0):
 garbage-first heap   total 119808K, used 80439K [0x0000000082e00000, 0x0000000100000000)
  region size 1024K, 26 young (26624K), 1 survivors (1024K)
 Metaspace       used 57134K, committed 57536K, reserved 1114112K
  class space    used 7684K, committed 7872K, reserved 1048576K
}
Event: 13.476 GC heap after
{Heap after GC invocations=24 (full 0):
 garbage-first heap   total 119808K, used 61534K [0x0000000082e00000, 0x0000000100000000)
  region size 1024K, 4 young (4096K), 4 survivors (4096K)
 Metaspace       used 57134K, committed 57536K, reserved 1114112K
  class space    used 7684K, committed 7872K, reserved 1048576K
}
Event: 13.515 GC heap before
{Heap before GC invocations=24 (full 0):
 garbage-first heap   total 119808K, used 62558K [0x0000000082e00000, 0x0000000100000000)
  region size 1024K, 5 young (5120K), 4 survivors (4096K)
 Metaspace       used 57247K, committed 57600K, reserved 1114112K
  class space    used 7699K, committed 7872K, reserved 1048576K
}
Event: 13.531 GC heap after
{Heap after GC invocations=25 (full 0):
 garbage-first heap   total 239616K, used 51466K [0x0000000082e00000, 0x0000000100000000)
  region size 1024K, 1 young (1024K), 1 survivors (1024K)
 Metaspace       used 57247K, committed 57600K, reserved 1114112K
  class space    used 7699K, committed 7872K, reserved 1048576K
}

Deoptimization events (20 events):
Event: 14.390 Thread 0x000001362daeeae0 Uncommon trap: trap_request=0xffffff45 fr.pc=0x000001363d22ba80 relative=0x0000000000000160
Event: 14.390 Thread 0x000001362daeeae0 Uncommon trap: reason=unstable_if action=reinterpret pc=0x000001363d22ba80 method=java.lang.ThreadLocal$ThreadLocalMap.nextIndex(II)I @ 4 c2
Event: 14.390 Thread 0x000001362daeeae0 DEOPT PACKING pc=0x000001363d22ba80 sp=0x00000018ebbf9250
Event: 14.390 Thread 0x000001362daeeae0 DEOPT UNPACKING pc=0x000001363c9223a3 sp=0x00000018ebbf90f8 mode 2
Event: 14.487 Thread 0x000001362daeeae0 Uncommon trap: trap_request=0xffffff45 fr.pc=0x000001363d116d74 relative=0x0000000000000914
Event: 14.487 Thread 0x000001362daeeae0 Uncommon trap: reason=unstable_if action=reinterpret pc=0x000001363d116d74 method=java.lang.ClassLoader.preDefineClass(Ljava/lang/String;Ljava/security/ProtectionDomain;)Ljava/security/ProtectionDomain; @ 95 c2
Event: 14.487 Thread 0x000001362daeeae0 DEOPT PACKING pc=0x000001363d116d74 sp=0x00000018ebbf86a0
Event: 14.487 Thread 0x000001362daeeae0 DEOPT UNPACKING pc=0x000001363c9223a3 sp=0x00000018ebbf8698 mode 2
Event: 14.601 Thread 0x000001362daeeae0 Uncommon trap: trap_request=0xffffff45 fr.pc=0x000001363d14155c relative=0x000000000000105c
Event: 14.601 Thread 0x000001362daeeae0 Uncommon trap: reason=unstable_if action=reinterpret pc=0x000001363d14155c method=net.bytebuddy.utility.dispatcher.JavaDispatcher$ProxiedInvocationHandler.invoke(Ljava/lang/Object;Ljava/lang/reflect/Method;[Ljava/lang/Object;)Ljava/lang/Object; @ 193 c2
Event: 14.601 Thread 0x000001362daeeae0 DEOPT PACKING pc=0x000001363d14155c sp=0x00000018ebbfa150
Event: 14.601 Thread 0x000001362daeeae0 DEOPT UNPACKING pc=0x000001363c9223a3 sp=0x00000018ebbfa118 mode 2
Event: 14.668 Thread 0x000001362daeeae0 Uncommon trap: trap_request=0xffffff45 fr.pc=0x000001363ce7a5b4 relative=0x00000000000001b4
Event: 14.668 Thread 0x000001362daeeae0 Uncommon trap: reason=unstable_if action=reinterpret pc=0x000001363ce7a5b4 method=java.lang.String.isLatin1()Z @ 10 c2
Event: 14.668 Thread 0x000001362daeeae0 DEOPT PACKING pc=0x000001363ce7a5b4 sp=0x00000018ebbfc590
Event: 14.668 Thread 0x000001362daeeae0 DEOPT UNPACKING pc=0x000001363c9223a3 sp=0x00000018ebbfc4c0 mode 2
Event: 14.729 Thread 0x0000013696b2b230 Uncommon trap: trap_request=0xffffff45 fr.pc=0x000001363d0d1954 relative=0x00000000000010b4
Event: 14.729 Thread 0x0000013696b2b230 Uncommon trap: reason=unstable_if action=reinterpret pc=0x000001363d0d1954 method=java.util.Properties$LineReader.readLine()I @ 153 c2
Event: 14.729 Thread 0x0000013696b2b230 DEOPT PACKING pc=0x000001363d0d1954 sp=0x00000018ed8fe050
Event: 14.729 Thread 0x0000013696b2b230 DEOPT UNPACKING pc=0x000001363c9223a3 sp=0x00000018ed8fdff0 mode 2

Classes unloaded (0 events):
No events

Classes redefined (0 events):
No events

Internal exceptions (20 events):
Event: 13.987 Thread 0x000001362daeeae0 Exception <a 'java/lang/ClassNotFoundException'{0x0000000090a7c630}: org/springframework/context/EnvironmentAwareCustomizer> (0x0000000090a7c630) 
thrown [s\open\src\hotspot\share\classfile\systemDictionary.cpp, line 256]
Event: 13.988 Thread 0x000001362daeeae0 Exception <a 'java/lang/ClassNotFoundException'{0x0000000090a82db8}: org/springframework/beans/factory/AwareCustomizer> (0x0000000090a82db8) 
thrown [s\open\src\hotspot\share\classfile\systemDictionary.cpp, line 256]
Event: 13.989 Thread 0x000001362daeeae0 Exception <a 'java/lang/ClassNotFoundException'{0x0000000090a88608}: org/springframework/core/env/EnvironmentCapableCustomizer> (0x0000000090a88608) 
thrown [s\open\src\hotspot\share\classfile\systemDictionary.cpp, line 256]
Event: 13.990 Thread 0x000001362daeeae0 Exception <a 'java/lang/ClassNotFoundException'{0x0000000090a8eda8}: org/springframework/web/context/ServletContextAwareCustomizer> (0x0000000090a8eda8) 
thrown [s\open\src\hotspot\share\classfile\systemDictionary.cpp, line 256]
Event: 13.991 Thread 0x000001362daeeae0 Exception <a 'java/lang/ClassNotFoundException'{0x0000000090a952d8}: org/springframework/beans/factory/AwareCustomizer> (0x0000000090a952d8) 
thrown [s\open\src\hotspot\share\classfile\systemDictionary.cpp, line 256]
Event: 13.992 Thread 0x000001362daeeae0 Exception <a 'java/lang/ClassNotFoundException'{0x0000000090a9abe8}: org/springframework/beans/factory/InitializingBeanCustomizer> (0x0000000090a9abe8) 
thrown [s\open\src\hotspot\share\classfile\systemDictionary.cpp, line 256]
Event: 13.993 Thread 0x000001362daeeae0 Exception <a 'java/lang/ClassNotFoundException'{0x0000000090aa0d40}: org/springframework/beans/factory/DisposableBeanCustomizer> (0x0000000090aa0d40) 
thrown [s\open\src\hotspot\share\classfile\systemDictionary.cpp, line 256]
Event: 13.999 Thread 0x000001362daeeae0 Exception <a 'java/lang/ClassNotFoundException'{0x0000000090acf418}: java/lang/ObjectCustomizer> (0x0000000090acf418) 
thrown [s\open\src\hotspot\share\classfile\systemDictionary.cpp, line 256]
Event: 14.000 Thread 0x000001362daeeae0 Exception <a 'java/lang/ClassNotFoundException'{0x0000000090ad87d8}: org/springframework/web/multipart/support/StandardServletMultipartResolverCustomizer> (0x0000000090ad87d8) 
thrown [s\open\src\hotspot\share\classfile\systemDictionary.cpp, line 256]
Event: 14.002 Thread 0x000001362daeeae0 Exception <a 'java/lang/ClassNotFoundException'{0x0000000090ae3d28}: org/springframework/web/multipart/MultipartResolverCustomizer> (0x0000000090ae3d28) 
thrown [s\open\src\hotspot\share\classfile\systemDictionary.cpp, line 256]
Event: 14.046 Thread 0x000001362daeeae0 Exception <a 'java/lang/NoSuchMethodError'{0x00000000909d0b48}: 'java.lang.Object java.lang.invoke.DirectMethodHandle$Holder.invokeStatic(java.lang.Object, int, java.lang.Object)'> (0x00000000909d0b48) 
thrown [s\open\src\hotspot\share\interpreter\linkResolver.cpp, line 759]
Event: 14.092 Thread 0x000001362daeeae0 Exception <a 'java/lang/ClassNotFoundException'{0x00000000908a9088}: java/lang/ObjectCustomizer> (0x00000000908a9088) 
thrown [s\open\src\hotspot\share\classfile\systemDictionary.cpp, line 256]
Event: 14.094 Thread 0x000001362daeeae0 Exception <a 'java/lang/ClassNotFoundException'{0x00000000908b1500}: tn/esprit/spring/GestionStationSkiApplicationTestsCustomizer> (0x00000000908b1500) 
thrown [s\open\src\hotspot\share\classfile\systemDictionary.cpp, line 256]
Event: 14.113 Thread 0x000001362daeeae0 Exception <a 'java/lang/NoSuchMethodError'{0x00000000908f9c50}: 'java.lang.Object java.lang.invoke.DirectMethodHandle$Holder.newInvokeSpecial(java.lang.Object, java.lang.Object, java.lang.Object, java.lang.Object, int)'> (0x00000000908f9c50) 
thrown [s\open\src\hotspot\share\interpreter\linkResolver.cpp, line 759]
Event: 14.113 Thread 0x000001362daeeae0 Exception <a 'java/lang/NoSuchMethodError'{0x00000000908fe138}: 'java.lang.Object java.lang.invoke.DirectMethodHandle$Holder.invokeSpecial(java.lang.Object, java.lang.Object, java.lang.Object, java.lang.Object, java.lang.Object, int)'> (0x00000000908fe138) 
thrown [s\open\src\hotspot\share\interpreter\linkResolver.cpp, line 759]
Event: 14.114 Thread 0x000001362daeeae0 Exception <a 'java/lang/NoSuchMethodError'{0x00000000907024a0}: 'java.lang.Object java.lang.invoke.Invokers$Holder.linkToTargetMethod(java.lang.Object, java.lang.Object, java.lang.Object, int, java.lang.Object)'> (0x00000000907024a0) 
thrown [s\open\src\hotspot\share\interpreter\linkResolver.cpp, line 759]
Event: 14.487 Thread 0x000001362daeeae0 Implicit null exception at 0x000001363d11662c to 0x000001363d116d60
Event: 14.601 Thread 0x000001362daeeae0 Implicit null exception at 0x000001363d1406ce to 0x000001363d14154c
Event: 14.602 Thread 0x000001362daeeae0 Exception <a 'java/lang/ClassNotFoundException'{0x0000000090163688}: java/lang/ClassLoader$ByteBuddyAccessor$M6zbqCH2> (0x0000000090163688) 
thrown [s\open\src\hotspot\share\classfile\systemDictionary.cpp, line 256]
Event: 14.704 Thread 0x000001362daeeae0 Exception <a 'java/lang/NoSuchMethodError'{0x000000008ff6a390}: 'void java.lang.invoke.DirectMethodHandle$Holder.invokeVirtual(java.lang.Object, java.lang.Object)'> (0x000000008ff6a390) 
thrown [s\open\src\hotspot\share\interpreter\linkResolver.cpp, line 759]

VM Operations (20 events):
Event: 12.756 Executing VM operation: HandshakeAllThreads
Event: 12.756 Executing VM operation: HandshakeAllThreads done
Event: 12.862 Executing VM operation: G1CollectForAllocation
Event: 12.894 Executing VM operation: G1CollectForAllocation done
Event: 13.116 Executing VM operation: G1CollectForAllocation
Event: 13.149 Executing VM operation: G1CollectForAllocation done
Event: 13.154 Executing VM operation: G1TryInitiateConcMark
Event: 13.160 Executing VM operation: G1TryInitiateConcMark done
Event: 13.211 Executing VM operation: G1Concurrent
Event: 13.221 Executing VM operation: G1Concurrent done
Event: 13.244 Executing VM operation: G1Concurrent
Event: 13.244 Executing VM operation: G1Concurrent done
Event: 13.463 Executing VM operation: G1CollectForAllocation
Event: 13.476 Executing VM operation: G1CollectForAllocation done
Event: 13.515 Executing VM operation: G1CollectForAllocation
Event: 13.531 Executing VM operation: G1CollectForAllocation done
Event: 14.086 Executing VM operation: HandshakeAllThreads
Event: 14.086 Executing VM operation: HandshakeAllThreads done
Event: 14.720 Executing VM operation: ICBufferFull
Event: 14.720 Executing VM operation: ICBufferFull done

Events (20 events):
Event: 14.725 loading class javax/net/ssl/SSLSocket
Event: 14.725 loading class javax/net/ssl/SSLSocket done
Event: 14.726 loading class javax/crypto/NoSuchPaddingException
Event: 14.726 loading class javax/crypto/NoSuchPaddingException done
Event: 14.726 loading class javax/crypto/IllegalBlockSizeException
Event: 14.726 loading class javax/crypto/IllegalBlockSizeException done
Event: 14.726 loading class javax/crypto/BadPaddingException
Event: 14.726 loading class javax/crypto/BadPaddingException done
Event: 14.726 loading class java/security/UnrecoverableKeyException
Event: 14.727 loading class java/security/UnrecoverableEntryException
Event: 14.727 loading class java/security/UnrecoverableEntryException done
Event: 14.727 loading class java/security/UnrecoverableKeyException done
Event: 14.727 loading class java/security/KeyStoreException
Event: 14.727 loading class java/security/KeyStoreException done
Event: 14.727 loading class java/security/cert/CertificateException
Event: 14.727 loading class java/security/cert/CertificateException done
Event: 14.727 loading class java/security/KeyManagementException
Event: 14.727 loading class java/security/KeyManagementException done
Event: 14.728 loading class javax/net/ssl/TrustManager
Event: 14.728 loading class javax/net/ssl/TrustManager done


Dynamic libraries:
0x00007ff7f1bf0000 - 0x00007ff7f1c00000 	C:\Program Files\Java\jdk-17\bin\java.exe
0x00007ffd77fd0000 - 0x00007ffd781c8000 	C:\WINDOWS\SYSTEM32\ntdll.dll
0x00007ffd77a10000 - 0x00007ffd77ad2000 	C:\WINDOWS\System32\KERNEL32.DLL
0x00007ffd75840000 - 0x00007ffd75b3f000 	C:\WINDOWS\System32\KERNELBASE.dll
0x00007ffd75b70000 - 0x00007ffd75c70000 	C:\WINDOWS\System32\ucrtbase.dll
0x00007ffd4d730000 - 0x00007ffd4d749000 	C:\Program Files\Java\jdk-17\bin\jli.dll
0x00007ffd4ffe0000 - 0x00007ffd4fffb000 	C:\Program Files\Java\jdk-17\bin\VCRUNTIME140.dll
0x00007ffd77d30000 - 0x00007ffd77ddf000 	C:\WINDOWS\System32\ADVAPI32.dll
0x00007ffd76930000 - 0x00007ffd769ce000 	C:\WINDOWS\System32\msvcrt.dll
0x00007ffd77630000 - 0x00007ffd776cf000 	C:\WINDOWS\System32\sechost.dll
0x00007ffd778e0000 - 0x00007ffd77a03000 	C:\WINDOWS\System32\RPCRT4.dll
0x00007ffd75b40000 - 0x00007ffd75b67000 	C:\WINDOWS\System32\bcrypt.dll
0x00007ffd77ae0000 - 0x00007ffd77c7d000 	C:\WINDOWS\System32\USER32.dll
0x00007ffd75c70000 - 0x00007ffd75c92000 	C:\WINDOWS\System32\win32u.dll
0x00007ffd65360000 - 0x00007ffd655fa000 	C:\WINDOWS\WinSxS\amd64_microsoft.windows.common-controls_6595b64144ccf1df_6.0.19041.4355_none_60b8b9eb71f62e16\COMCTL32.dll
0x00007ffd77730000 - 0x00007ffd7775b000 	C:\WINDOWS\System32\GDI32.dll
0x00007ffd75670000 - 0x00007ffd7578a000 	C:\WINDOWS\System32\gdi32full.dll
0x00007ffd75ee0000 - 0x00007ffd75f7d000 	C:\WINDOWS\System32\msvcp_win.dll
0x00007ffd6c100000 - 0x00007ffd6c10a000 	C:\WINDOWS\SYSTEM32\VERSION.dll
0x00007ffd776e0000 - 0x00007ffd7770f000 	C:\WINDOWS\System32\IMM32.DLL
0x00007ffd6bc90000 - 0x00007ffd6bc9c000 	C:\Program Files\Java\jdk-17\bin\vcruntime140_1.dll
0x00007ffd3fdd0000 - 0x00007ffd3fe5e000 	C:\Program Files\Java\jdk-17\bin\msvcp140.dll
0x00007ffccfcf0000 - 0x00007ffcd08d0000 	C:\Program Files\Java\jdk-17\bin\server\jvm.dll
0x00007ffd76530000 - 0x00007ffd76538000 	C:\WINDOWS\System32\PSAPI.DLL
0x00007ffd57e80000 - 0x00007ffd57ea7000 	C:\WINDOWS\SYSTEM32\WINMM.dll
0x00007ffd68620000 - 0x00007ffd68629000 	C:\WINDOWS\SYSTEM32\WSOCK32.dll
0x00007ffd775c0000 - 0x00007ffd7762b000 	C:\WINDOWS\System32\WS2_32.dll
0x00007ffd73e50000 - 0x00007ffd73e62000 	C:\WINDOWS\SYSTEM32\kernel.appcore.dll
0x00007ffd6bb70000 - 0x00007ffd6bb7a000 	C:\Program Files\Java\jdk-17\bin\jimage.dll
0x00007ffd73390000 - 0x00007ffd73574000 	C:\WINDOWS\SYSTEM32\DBGHELP.DLL
0x00007ffd5e8c0000 - 0x00007ffd5e8f4000 	C:\WINDOWS\SYSTEM32\dbgcore.DLL
0x00007ffd75cf0000 - 0x00007ffd75d72000 	C:\WINDOWS\System32\bcryptPrimitives.dll
0x00007ffd5fe80000 - 0x00007ffd5fe8e000 	C:\Program Files\Java\jdk-17\bin\instrument.dll
0x00007ffd404a0000 - 0x00007ffd404c5000 	C:\Program Files\Java\jdk-17\bin\java.dll
0x00007ffd2adc0000 - 0x00007ffd2ae97000 	C:\Program Files\Java\jdk-17\bin\jsvml.dll
0x00007ffd769d0000 - 0x00007ffd7713d000 	C:\WINDOWS\System32\SHELL32.dll
0x00007ffd73580000 - 0x00007ffd73d24000 	C:\WINDOWS\SYSTEM32\windows.storage.dll
0x00007ffd76060000 - 0x00007ffd763b5000 	C:\WINDOWS\System32\combase.dll
0x00007ffd74ef0000 - 0x00007ffd74f1f000 	C:\WINDOWS\SYSTEM32\Wldp.dll
0x00007ffd766d0000 - 0x00007ffd7679d000 	C:\WINDOWS\System32\OLEAUT32.dll
0x00007ffd76880000 - 0x00007ffd7692d000 	C:\WINDOWS\System32\SHCORE.dll
0x00007ffd76670000 - 0x00007ffd766c5000 	C:\WINDOWS\System32\shlwapi.dll
0x00007ffd755a0000 - 0x00007ffd755c4000 	C:\WINDOWS\SYSTEM32\profapi.dll
0x00007ffd3bcf0000 - 0x00007ffd3bd08000 	C:\Program Files\Java\jdk-17\bin\zip.dll
0x00007ffd40800000 - 0x00007ffd40819000 	C:\Program Files\Java\jdk-17\bin\net.dll
0x00007ffd6f170000 - 0x00007ffd6f27a000 	C:\WINDOWS\SYSTEM32\WINHTTP.dll
0x00007ffd74cd0000 - 0x00007ffd74d3c000 	C:\WINDOWS\system32\mswsock.dll
0x00007ffd3f0d0000 - 0x00007ffd3f0e6000 	C:\Program Files\Java\jdk-17\bin\nio.dll
0x00007ffd3bcd0000 - 0x00007ffd3bcea000 	C:\Program Files\JetBrains\IntelliJ IDEA 2024.2.3\bin\breakgen64.dll
0x00007ffd3f0c0000 - 0x00007ffd3f0d0000 	C:\Program Files\Java\jdk-17\bin\verify.dll
0x00007ffd5fe60000 - 0x00007ffd5fe6a000 	C:\Program Files\Java\jdk-17\bin\management.dll
0x00007ffd5f320000 - 0x00007ffd5f32b000 	C:\Program Files\Java\jdk-17\bin\management_ext.dll
0x00007ffd528d0000 - 0x00007ffd528e7000 	C:\WINDOWS\system32\napinsp.dll
0x00007ffd52850000 - 0x00007ffd5286b000 	C:\WINDOWS\system32\pnrpnsp.dll
0x00007ffd528b0000 - 0x00007ffd528c5000 	C:\WINDOWS\system32\wshbth.dll
0x00007ffd6f290000 - 0x00007ffd6f2ad000 	C:\WINDOWS\system32\NLAapi.dll
0x00007ffd749d0000 - 0x00007ffd74a0b000 	C:\WINDOWS\SYSTEM32\IPHLPAPI.DLL
0x00007ffd74a10000 - 0x00007ffd74ada000 	C:\WINDOWS\SYSTEM32\DNSAPI.dll
0x00007ffd75ff0000 - 0x00007ffd75ff8000 	C:\WINDOWS\System32\NSI.dll
0x00007ffd52830000 - 0x00007ffd52842000 	C:\WINDOWS\System32\winrnr.dll
0x00007ffd6c250000 - 0x00007ffd6c25a000 	C:\Windows\System32\rasadhlp.dll
0x00007ffd69dd0000 - 0x00007ffd69e50000 	C:\WINDOWS\System32\fwpuclnt.dll
0x00007ffd74f30000 - 0x00007ffd74f48000 	C:\WINDOWS\SYSTEM32\CRYPTSP.dll
0x00007ffd74610000 - 0x00007ffd74644000 	C:\WINDOWS\system32\rsaenh.dll
0x00007ffd75520000 - 0x00007ffd7554e000 	C:\WINDOWS\SYSTEM32\USERENV.dll
0x00007ffd74e60000 - 0x00007ffd74e6c000 	C:\WINDOWS\SYSTEM32\CRYPTBASE.dll
0x00007ffd6d300000 - 0x00007ffd6d317000 	C:\WINDOWS\SYSTEM32\dhcpcsvc6.DLL
0x00007ffd6d2e0000 - 0x00007ffd6d2fd000 	C:\WINDOWS\SYSTEM32\dhcpcsvc.DLL

dbghelp: loaded successfully - version: 4.0.5 - missing functions: none
symbol engine: initialized successfully - sym options: 0x614 - pdb path: .;C:\Program Files\Java\jdk-17\bin;C:\WINDOWS\SYSTEM32;C:\WINDOWS\WinSxS\amd64_microsoft.windows.common-controls_6595b64144ccf1df_6.0.19041.4355_none_60b8b9eb71f62e16;C:\Program Files\Java\jdk-17\bin\server;C:\Program Files\JetBrains\IntelliJ IDEA 2024.2.3\bin

VM Arguments:
jvm_args: -ea -Didea.test.cyclic.buffer.size=1048576 -javaagent:C:\Program Files\JetBrains\IntelliJ IDEA 2024.2.3\lib\idea_rt.jar=50959:C:\Program Files\JetBrains\IntelliJ IDEA 2024.2.3\bin -Dfile.encoding=UTF-8 
java_command: com.intellij.rt.junit.JUnitStarter -ideVersion5 -junit5 tn.esprit.spring.GestionStationSkiApplicationTests
java_class_path (initial): C:\Users\Trabelsi\.m2\repository\org\junit\platform\junit-platform-launcher\1.8.2\junit-platform-launcher-1.8.2.jar;C:\Program Files\JetBrains\IntelliJ IDEA 2024.2.3\lib\idea_rt.jar;C:\Program Files\JetBrains\IntelliJ IDEA 2024.2.3\plugins\junit\lib\junit5-rt.jar;C:\Program Files\JetBrains\IntelliJ IDEA 2024.2.3\plugins\junit\lib\junit-rt.jar;C:\Users\Trabelsi\projet devOpes\gestion-station-ski\target\test-classes;C:\Users\Trabelsi\projet devOpes\gestion-station-ski\target\classes;C:\Users\Trabelsi\.m2\repository\org\springframework\boot\spring-boot-starter-data-jpa\2.6.9\spring-boot-starter-data-jpa-2.6.9.jar;C:\Users\Trabelsi\.m2\repository\org\springframework\boot\spring-boot-starter-aop\2.6.9\spring-boot-starter-aop-2.6.9.jar;C:\Users\Trabelsi\.m2\repository\org\springframework\spring-aop\5.3.21\spring-aop-5.3.21.jar;C:\Users\Trabelsi\.m2\repository\org\aspectj\aspectjweaver\1.9.7\aspectjweaver-1.9.7.jar;C:\Users\Trabelsi\.m2\repository\org\springframework\boot\spring-boot-starter-jdbc\2.6.9\spring-boot-starter-jdbc-2.6.9.jar;C:\Users\Trabelsi\.m2\repository\com\zaxxer\HikariCP\4.0.3\HikariCP-4.0.3.jar;C:\Users\Trabelsi\.m2\repository\org\springframework\spring-jdbc\5.3.21\spring-jdbc-5.3.21.jar;C:\Users\Trabelsi\.m2\repository\jakarta\transaction\jakarta.transaction-api\1.3.3\jakarta.transaction-api-1.3.3.jar;C:\Users\Trabelsi\.m2\repository\jakarta\persistence\jakarta.persistence-api\2.2.3\jakarta.persistence-api-2.2.3.jar;C:\Users\Trabelsi\.m2\repository\org\hibernate\hibernate-core\5.6.9.Final\hibernate-core-5.6.9.Final.jar;C:\Users\Trabelsi\.m2\repository\org\jboss\logging\jboss-logging\3.4.3.Final\jboss-logging-3.4.3.Final.jar;C:\Users\Trabelsi\.m2\repository\net\bytebuddy\byte-buddy\1.11.22\byte-buddy-1.11.22.jar;C:\Users\Trabelsi\.m2\repository\antlr\antlr\2.7.7\antlr-2.7.7.jar;C:\Users\Trabelsi\.m2\repository\org\jboss\jandex\2.4.2.Final\jandex-2.4.2.Final.jar;C:\Users\Trabelsi\.m2\repository\com\fasterxml\classmate\1.5.1\cl
Launcher Type: SUN_STANDARD

[Global flags]
     intx CICompilerCount                          = 4                                         {product} {ergonomic}
     uint ConcGCThreads                            = 2                                         {product} {ergonomic}
     uint G1ConcRefinementThreads                  = 8                                         {product} {ergonomic}
   size_t G1HeapRegionSize                         = 1048576                                   {product} {ergonomic}
    uintx GCDrainStackTargetSize                   = 64                                        {product} {ergonomic}
   size_t InitialHeapSize                          = 132120576                                 {product} {ergonomic}
   size_t MarkStackSize                            = 4194304                                   {product} {ergonomic}
   size_t MaxHeapSize                              = 2099249152                                {product} {ergonomic}
   size_t MaxNewSize                               = 1259339776                                {product} {ergonomic}
   size_t MinHeapDeltaBytes                        = 1048576                                   {product} {ergonomic}
   size_t MinHeapSize                              = 8388608                                   {product} {ergonomic}
    uintx NonNMethodCodeHeapSize                   = 5839372                                {pd product} {ergonomic}
    uintx NonProfiledCodeHeapSize                  = 122909434                              {pd product} {ergonomic}
    uintx ProfiledCodeHeapSize                     = 122909434                              {pd product} {ergonomic}
    uintx ReservedCodeCacheSize                    = 251658240                              {pd product} {ergonomic}
     bool SegmentedCodeCache                       = true                                      {product} {ergonomic}
   size_t SoftMaxHeapSize                          = 2099249152                             {manageable} {ergonomic}
     bool UseCompressedClassPointers               = true                           {product lp64_product} {ergonomic}
     bool UseCompressedOops                        = true                           {product lp64_product} {ergonomic}
     bool UseG1GC                                  = true                                      {product} {ergonomic}
     bool UseLargePagesIndividualAllocation        = false                                  {pd product} {ergonomic}

Logging:
Log output configuration:
 #0: stdout all=warning uptime,level,tags
 #1: stderr all=off uptime,level,tags

Environment Variables:
JAVA_HOME=C:\Program Files\Java\jdk-11
PATH=C:\oraclexe\app\oracle\product\11.2.0\server\bin;C:\src\flutter\bin;C:\src\dart-sdk\bin;C:\Program Files\Common Files\Oracle\Java\javapath;C:\Program Files\Microsoft MPI\Bin\;C:\WINDOWS\system32;C:\WINDOWS;C:\WINDOWS\System32\Wbem;C:\WINDOWS\System32\WindowsPowerShell\v1.0\;C:\WINDOWS\System32\OpenSSH\;C:\Program Files\dotnet\;C:\Program Files\Microsoft SQL Server\Client SDK\ODBC\170\Tools\Binn\;C:\Program Files (x86)\Microsoft SQL Server\160\Tools\Binn\;C:\Program Files\Microsoft SQL Server\160\Tools\Binn\;C:\Program Files\Microsoft SQL Server\160\DTS\Binn\;C:\Program Files\nodejs\;C:\Program Files\Java\jdk-11\bin;C:\ProgramData\chocolatey\bin;C:\Program Files\Microsoft SQL Server\150\Tools\Binn\;C:\Program Files\Git\cmd;C:\Program Files\Docker\Docker\resources\bin;C:\Users\Trabelsi\AppData\Local\Microsoft\WindowsApps;C:\Users\Trabelsi\AppData\Local\Programs\Microsoft VS Code\bin;c:\Users\Trabelsi\AppData\Roaming\npm\node_modules\angular -cli \bin\ng;C:\Program Files\Azure Data Studio\bin;C:\Program Files\JetBrains\IntelliJ IDEA 20724.2.3\bin;C:\Users\Trabelsi\AppData\Roaming\npm;C:\tools\dart-sdk\bin;C:\Users\Trabelsi\AppData\Local\Pub\Cache\bin;C:\Program Files\MongoDB\Server\5.0\bin;C:\Users\Trabelsi\bigdata\DatabaseTools\bin;C:\Users\Trabelsi\.dotnet\tools
USERNAME=Trabelsi
OS=Windows_NT
PROCESSOR_IDENTIFIER=Intel64 Family 6 Model 142 Stepping 12, GenuineIntel



---------------  S Y S T E M  ---------------

OS:
 Windows 10 , 64 bit Build 19041 (10.0.19041.5438)
OS uptime: 0 days 9:59 hours
Hyper-V role detected

CPU: total 8 (initial active 8) (4 cores per cpu, 2 threads per core) family 6 model 142 stepping 12 microcode 0xfe, cx8, cmov, fxsr, ht, mmx, 3dnowpref, sse, sse2, sse3, ssse3, sse4.1, sse4.2, popcnt, lzcnt, tsc, tscinvbit, avx, avx2, aes, erms, clmul, bmi1, bmi2, adx, fma, vzeroupper, clflush, clflushopt, hv

Memory: 4k page, system-wide physical 8006M (502M free)
TotalPageFile size 18856M (AvailPageFile size 0M)
current process WorkingSet (physical memory assigned to process): 336M, peak: 336M
current process commit charge ("private bytes"): 479M, peak: 484M

vm_info: Java HotSpot(TM) 64-Bit Server VM (17.0.12+8-LTS-286) for windows-amd64 JRE (17.0.12+8-LTS-286), built on Jun  5 2024 06:46:59 by "mach5one" with MS VC++ 17.6 (VS2022)

END.
